<?xml version="1.0" encoding="UTF-8"?>
<!-- Generated by org.testng.reporters.JUnitXMLReporter -->
<testsuite ignored="0" hostname="DESKTOP-C81SOV2" failures="1" tests="1" name="Test" time="3.673" errors="0" timestamp="2021-07-28T23:55:58 EDT">
  <testcase classname="testListener.PracListener" name="FirstTest" time="3.242">
    <failure type="java.lang.AssertionError" message="expected [Whatever] but found [Facebook - Log In or Sign Up]">
      <![CDATA[java.lang.AssertionError: expected [Whatever] but found [Facebook - Log In or Sign Up]
at testListener.PracListener.FirstTest(PracListener.java:17)
at java.base/java.util.ArrayList.forEach(ArrayList.java:1511)
... Removed 33 stack frames]]>
    </failure>
  </testcase> <!-- FirstTest -->
</testsuite> <!-- Test -->
